0 info it worked if it ends with ok
1 verbose cli [ 'C:\\Program Files\\nodejs\\node.exe',
1 verbose cli   'C:\\Program Files\\nodejs\\node_modules\\npm\\bin\\npm-cli.js',
1 verbose cli   'run',
1 verbose cli   'generate-docs' ]
2 info using npm@3.10.3
3 info using node@v6.6.0
4 verbose run-script [ 'pregenerate-docs', 'generate-docs', 'postgenerate-docs' ]
5 info lifecycle linqjs@0.0.0~pregenerate-docs: linqjs@0.0.0
6 silly lifecycle linqjs@0.0.0~pregenerate-docs: no script for pregenerate-docs, continuing
7 info lifecycle linqjs@0.0.0~generate-docs: linqjs@0.0.0
8 verbose lifecycle linqjs@0.0.0~generate-docs: unsafe-perm in lifecycle true
9 verbose lifecycle linqjs@0.0.0~generate-docs: PATH: C:\Program Files\nodejs\node_modules\npm\bin\node-gyp-bin;C:\Users\SvenS\projects\linqjs\node_modules\.bin;C:\Program Files\nodejs;C:\Program Files (x86)\Intel\iCLS Client\;C:\Program Files\Intel\iCLS Client\;C:\WINDOWS\system32;C:\WINDOWS;C:\WINDOWS\System32\Wbem;C:\WINDOWS\System32\WindowsPowerShell\v1.0\;C:\Program Files (x86)\Intel\Intel(R) Management Engine Components\DAL;C:\Program Files\Intel\Intel(R) Management Engine Components\DAL;C:\Program Files (x86)\Intel\Intel(R) Management Engine Components\IPT;C:\Program Files\Intel\Intel(R) Management Engine Components\IPT;C:\Program Files\Microsoft SQL Server\120\Tools\Binn\;C:\Program Files (x86)\Microsoft Team Foundation Server 2015 Power Tools\;C:\Program Files\Microsoft\Web Platform Installer\;C:\Program Files\Intel\WiFi\bin\;C:\Program Files\Common Files\Intel\WirelessCommon\;C:\Program Files\Microsoft SQL Server\130\Tools\Binn\;C:\Program Files (x86)\Windows Kits\10\Windows Performance Toolkit\;C:\Program Files\Git\cmd;C:\Program Files\nodejs\;C:\Users\SvenS\AppData\Local\atom\bin;C:\Users\SvenS\AppData\Roaming\npm;%USERPROFILE%\AppData\Local\Microsoft\WindowsApps
10 verbose lifecycle linqjs@0.0.0~generate-docs: CWD: C:\Users\SvenS\projects\linqjs
11 silly lifecycle linqjs@0.0.0~generate-docs: Args: [ '/d /s /c', 'jsdoc --configure .jsdoc.json --verbose' ]
12 silly lifecycle linqjs@0.0.0~generate-docs: Returned: code: 1  signal: null
13 info lifecycle linqjs@0.0.0~generate-docs: Failed to exec generate-docs script
14 verbose stack Error: linqjs@0.0.0 generate-docs: `jsdoc --configure .jsdoc.json --verbose`
14 verbose stack Exit status 1
14 verbose stack     at EventEmitter.<anonymous> (C:\Program Files\nodejs\node_modules\npm\lib\utils\lifecycle.js:242:16)
14 verbose stack     at emitTwo (events.js:106:13)
14 verbose stack     at EventEmitter.emit (events.js:191:7)
14 verbose stack     at ChildProcess.<anonymous> (C:\Program Files\nodejs\node_modules\npm\lib\utils\spawn.js:40:14)
14 verbose stack     at emitTwo (events.js:106:13)
14 verbose stack     at ChildProcess.emit (events.js:191:7)
14 verbose stack     at maybeClose (internal/child_process.js:877:16)
14 verbose stack     at Process.ChildProcess._handle.onexit (internal/child_process.js:226:5)
15 verbose pkgid linqjs@0.0.0
16 verbose cwd C:\Users\SvenS\projects\linqjs\docs
17 error Windows_NT 10.0.14393
18 error argv "C:\\Program Files\\nodejs\\node.exe" "C:\\Program Files\\nodejs\\node_modules\\npm\\bin\\npm-cli.js" "run" "generate-docs"
19 error node v6.6.0
20 error npm  v3.10.3
21 error code ELIFECYCLE
22 error linqjs@0.0.0 generate-docs: `jsdoc --configure .jsdoc.json --verbose`
22 error Exit status 1
23 error Failed at the linqjs@0.0.0 generate-docs script 'jsdoc --configure .jsdoc.json --verbose'.
23 error Make sure you have the latest version of node.js and npm installed.
23 error If you do, this is most likely a problem with the linqjs package,
23 error not with npm itself.
23 error Tell the author that this fails on your system:
23 error     jsdoc --configure .jsdoc.json --verbose
23 error You can get information on how to open an issue for this project with:
23 error     npm bugs linqjs
23 error Or if that isn't available, you can get their info via:
23 error     npm owner ls linqjs
23 error There is likely additional logging output above.
24 verbose exit [ 1, true ]
